2023-07-11 19:56:01.971  INFO 14600 --- [restartedMain] c.d.demotest.DevopsTestDemoApplication   : Starting DevopsTestDemoApplication using Java 1.8.0_372 on ckl with PID 14600 (D:\code\devops-demo\devops-test-demo\target\classes started by 46971 in D:\code\devops-demo\devops-test-demo)
2023-07-11 19:56:01.973  INFO 14600 --- [restartedMain] c.d.demotest.DevopsTestDemoApplication   : No active profile set, falling back to default profiles: default
2023-07-11 19:56:01.993  INFO 14600 --- [restartedMain] .e.DevToolsPropertyDefaultsPostProcessor : Devtools property defaults active! Set 'spring.devtools.add-properties' to 'false' to disable
2023-07-11 19:56:01.993  INFO 14600 --- [restartedMain] .e.DevToolsPropertyDefaultsPostProcessor : For additional web related logging consider setting the 'logging.level.web' property to 'DEBUG'
2023-07-11 19:56:02.396  INFO 14600 --- [restartedMain] o.s.b.w.embedded.tomcat.TomcatWebServer  : Tomcat initialized with port(s): 8080 (http)
2023-07-11 19:56:02.399  INFO 14600 --- [restartedMain] o.apache.catalina.core.StandardService   : Starting service [Tomcat]
2023-07-11 19:56:02.400  INFO 14600 --- [restartedMain] org.apache.catalina.core.StandardEngine  : Starting Servlet engine: [Apache Tomcat/9.0.39]
2023-07-11 19:56:02.424  INFO 14600 --- [restartedMain] o.a.c.c.C.[Tomcat].[localhost].[/]       : Initializing Spring embedded WebApplicationContext
2023-07-11 19:56:02.424  INFO 14600 --- [restartedMain] w.s.c.ServletWebServerApplicationContext : Root WebApplicationContext: initialization completed in 428 ms
2023-07-11 19:56:02.495  INFO 14600 --- [restartedMain] o.s.s.concurrent.ThreadPoolTaskExecutor  : Initializing ExecutorService 'applicationTaskExecutor'
2023-07-11 19:56:02.555  WARN 14600 --- [restartedMain] ConfigServletWebServerApplicationContext : Exception encountered during context initialization - cancelling refresh attempt: org.springframework.beans.factory.BeanCreationException: Error creating bean with name 'dataSource' defined in class path resource [org/springframework/boot/autoconfigure/jdbc/DataSourceConfiguration$Hikari.class]: Bean instantiation via factory method failed; nested exception is org.springframework.beans.BeanInstantiationException: Failed to instantiate [com.zaxxer.hikari.HikariDataSource]: Factory method 'dataSource' threw exception; nested exception is org.springframework.boot.autoconfigure.jdbc.DataSourceProperties$DataSourceBeanCreationException: Failed to determine a suitable driver class
2023-07-11 19:56:02.556  INFO 14600 --- [restartedMain] o.s.s.concurrent.ThreadPoolTaskExecutor  : Shutting down ExecutorService 'applicationTaskExecutor'
2023-07-11 19:56:02.557  INFO 14600 --- [restartedMain] o.apache.catalina.core.StandardService   : Stopping service [Tomcat]
2023-07-11 19:56:02.562  INFO 14600 --- [restartedMain] ConditionEvaluationReportLoggingListener : 

Error starting ApplicationContext. To display the conditions report re-run your application with 'debug' enabled.
2023-07-11 19:56:02.569 ERROR 14600 --- [restartedMain] o.s.b.d.LoggingFailureAnalysisReporter   : 

***************************
APPLICATION FAILED TO START
***************************

Description:

Failed to configure a DataSource: 'url' attribute is not specified and no embedded datasource could be configured.

Reason: Failed to determine a suitable driver class


Action:

Consider the following:
	If you want an embedded database (H2, HSQL or Derby), please put it on the classpath.
	If you have database settings to be loaded from a particular profile you may need to activate it (no profiles are currently active).

2023-07-11 19:57:09.524  INFO 34064 --- [restartedMain] c.d.demotest.DevopsTestDemoApplication   : Starting DevopsTestDemoApplication using Java 1.8.0_372 on ckl with PID 34064 (D:\code\devops-demo\devops-test-demo\target\classes started by 46971 in D:\code\devops-demo\devops-test-demo)
2023-07-11 19:57:09.525  INFO 34064 --- [restartedMain] c.d.demotest.DevopsTestDemoApplication   : No active profile set, falling back to default profiles: default
2023-07-11 19:57:09.545  INFO 34064 --- [restartedMain] .e.DevToolsPropertyDefaultsPostProcessor : Devtools property defaults active! Set 'spring.devtools.add-properties' to 'false' to disable
2023-07-11 19:57:09.545  INFO 34064 --- [restartedMain] .e.DevToolsPropertyDefaultsPostProcessor : For additional web related logging consider setting the 'logging.level.web' property to 'DEBUG'
2023-07-11 19:57:09.948  INFO 34064 --- [restartedMain] o.s.b.w.embedded.tomcat.TomcatWebServer  : Tomcat initialized with port(s): 8080 (http)
2023-07-11 19:57:09.952  INFO 34064 --- [restartedMain] o.apache.catalina.core.StandardService   : Starting service [Tomcat]
2023-07-11 19:57:09.952  INFO 34064 --- [restartedMain] org.apache.catalina.core.StandardEngine  : Starting Servlet engine: [Apache Tomcat/9.0.39]
2023-07-11 19:57:09.977  INFO 34064 --- [restartedMain] o.a.c.c.C.[Tomcat].[localhost].[/]       : Initializing Spring embedded WebApplicationContext
2023-07-11 19:57:09.977  INFO 34064 --- [restartedMain] w.s.c.ServletWebServerApplicationContext : Root WebApplicationContext: initialization completed in 431 ms
2023-07-11 19:57:10.049  INFO 34064 --- [restartedMain] o.s.s.concurrent.ThreadPoolTaskExecutor  : Initializing ExecutorService 'applicationTaskExecutor'
2023-07-11 19:57:10.109  WARN 34064 --- [restartedMain] ConfigServletWebServerApplicationContext : Exception encountered during context initialization - cancelling refresh attempt: org.springframework.beans.factory.BeanCreationException: Error creating bean with name 'dataSource' defined in class path resource [org/springframework/boot/autoconfigure/jdbc/DataSourceConfiguration$Hikari.class]: Bean instantiation via factory method failed; nested exception is org.springframework.beans.BeanInstantiationException: Failed to instantiate [com.zaxxer.hikari.HikariDataSource]: Factory method 'dataSource' threw exception; nested exception is org.springframework.boot.autoconfigure.jdbc.DataSourceProperties$DataSourceBeanCreationException: Failed to determine a suitable driver class
2023-07-11 19:57:10.110  INFO 34064 --- [restartedMain] o.s.s.concurrent.ThreadPoolTaskExecutor  : Shutting down ExecutorService 'applicationTaskExecutor'
2023-07-11 19:57:10.111  INFO 34064 --- [restartedMain] o.apache.catalina.core.StandardService   : Stopping service [Tomcat]
2023-07-11 19:57:10.116  INFO 34064 --- [restartedMain] ConditionEvaluationReportLoggingListener : 

Error starting ApplicationContext. To display the conditions report re-run your application with 'debug' enabled.
2023-07-11 19:57:10.124 ERROR 34064 --- [restartedMain] o.s.b.d.LoggingFailureAnalysisReporter   : 

***************************
APPLICATION FAILED TO START
***************************

Description:

Failed to configure a DataSource: 'url' attribute is not specified and no embedded datasource could be configured.

Reason: Failed to determine a suitable driver class


Action:

Consider the following:
	If you want an embedded database (H2, HSQL or Derby), please put it on the classpath.
	If you have database settings to be loaded from a particular profile you may need to activate it (no profiles are currently active).

2023-07-11 19:58:07.370  INFO 33440 --- [main] c.d.demotest.DevopsTestDemoApplication   : Starting DevopsTestDemoApplication using Java 1.8.0_372 on ckl with PID 33440 (D:\code\devops-demo\devops-test-demo\target\classes started by 46971 in D:\code\devops-demo\devops-test-demo)
2023-07-11 19:58:07.371  INFO 33440 --- [main] c.d.demotest.DevopsTestDemoApplication   : No active profile set, falling back to default profiles: default
2023-07-11 19:58:07.769  INFO 33440 --- [main] o.s.b.w.embedded.tomcat.TomcatWebServer  : Tomcat initialized with port(s): 8080 (http)
2023-07-11 19:58:07.773  INFO 33440 --- [main] o.apache.catalina.core.StandardService   : Starting service [Tomcat]
2023-07-11 19:58:07.773  INFO 33440 --- [main] org.apache.catalina.core.StandardEngine  : Starting Servlet engine: [Apache Tomcat/9.0.39]
2023-07-11 19:58:07.799  INFO 33440 --- [main] o.a.c.c.C.[Tomcat].[localhost].[/]       : Initializing Spring embedded WebApplicationContext
2023-07-11 19:58:07.799  INFO 33440 --- [main] w.s.c.ServletWebServerApplicationContext : Root WebApplicationContext: initialization completed in 409 ms
2023-07-11 19:58:07.870  INFO 33440 --- [main] o.s.s.concurrent.ThreadPoolTaskExecutor  : Initializing ExecutorService 'applicationTaskExecutor'
2023-07-11 19:58:07.928  WARN 33440 --- [main] ConfigServletWebServerApplicationContext : Exception encountered during context initialization - cancelling refresh attempt: org.springframework.beans.factory.BeanCreationException: Error creating bean with name 'dataSource' defined in class path resource [org/springframework/boot/autoconfigure/jdbc/DataSourceConfiguration$Hikari.class]: Bean instantiation via factory method failed; nested exception is org.springframework.beans.BeanInstantiationException: Failed to instantiate [com.zaxxer.hikari.HikariDataSource]: Factory method 'dataSource' threw exception; nested exception is org.springframework.boot.autoconfigure.jdbc.DataSourceProperties$DataSourceBeanCreationException: Failed to determine a suitable driver class
2023-07-11 19:58:07.928  INFO 33440 --- [main] o.s.s.concurrent.ThreadPoolTaskExecutor  : Shutting down ExecutorService 'applicationTaskExecutor'
2023-07-11 19:58:07.929  INFO 33440 --- [main] o.apache.catalina.core.StandardService   : Stopping service [Tomcat]
2023-07-11 19:58:07.934  INFO 33440 --- [main] ConditionEvaluationReportLoggingListener : 

Error starting ApplicationContext. To display the conditions report re-run your application with 'debug' enabled.
2023-07-11 19:58:07.941 ERROR 33440 --- [main] o.s.b.d.LoggingFailureAnalysisReporter   : 

***************************
APPLICATION FAILED TO START
***************************

Description:

Failed to configure a DataSource: 'url' attribute is not specified and no embedded datasource could be configured.

Reason: Failed to determine a suitable driver class


Action:

Consider the following:
	If you want an embedded database (H2, HSQL or Derby), please put it on the classpath.
	If you have database settings to be loaded from a particular profile you may need to activate it (no profiles are currently active).

2023-07-11 19:58:24.741  INFO 13584 --- [main] c.d.demotest.DevopsTestDemoApplication   : Starting DevopsTestDemoApplication using Java 1.8.0_372 on ckl with PID 13584 (D:\code\devops-demo\devops-test-demo\target\classes started by 46971 in D:\code\devops-demo\devops-test-demo)
2023-07-11 19:58:24.743  INFO 13584 --- [main] c.d.demotest.DevopsTestDemoApplication   : No active profile set, falling back to default profiles: default
2023-07-11 19:58:25.119  INFO 13584 --- [main] o.s.b.w.embedded.tomcat.TomcatWebServer  : Tomcat initialized with port(s): 8080 (http)
2023-07-11 19:58:25.122  INFO 13584 --- [main] o.apache.catalina.core.StandardService   : Starting service [Tomcat]
2023-07-11 19:58:25.123  INFO 13584 --- [main] org.apache.catalina.core.StandardEngine  : Starting Servlet engine: [Apache Tomcat/9.0.39]
2023-07-11 19:58:25.150  INFO 13584 --- [main] o.a.c.c.C.[Tomcat].[localhost].[/]       : Initializing Spring embedded WebApplicationContext
2023-07-11 19:58:25.150  INFO 13584 --- [main] w.s.c.ServletWebServerApplicationContext : Root WebApplicationContext: initialization completed in 389 ms
2023-07-11 19:58:25.219  INFO 13584 --- [main] o.s.s.concurrent.ThreadPoolTaskExecutor  : Initializing ExecutorService 'applicationTaskExecutor'
2023-07-11 19:58:25.279  WARN 13584 --- [main] ConfigServletWebServerApplicationContext : Exception encountered during context initialization - cancelling refresh attempt: org.springframework.beans.factory.BeanCreationException: Error creating bean with name 'dataSource' defined in class path resource [org/springframework/boot/autoconfigure/jdbc/DataSourceConfiguration$Hikari.class]: Bean instantiation via factory method failed; nested exception is org.springframework.beans.BeanInstantiationException: Failed to instantiate [com.zaxxer.hikari.HikariDataSource]: Factory method 'dataSource' threw exception; nested exception is org.springframework.boot.autoconfigure.jdbc.DataSourceProperties$DataSourceBeanCreationException: Failed to determine a suitable driver class
2023-07-11 19:58:25.279  INFO 13584 --- [main] o.s.s.concurrent.ThreadPoolTaskExecutor  : Shutting down ExecutorService 'applicationTaskExecutor'
2023-07-11 19:58:25.280  INFO 13584 --- [main] o.apache.catalina.core.StandardService   : Stopping service [Tomcat]
2023-07-11 19:58:25.286  INFO 13584 --- [main] ConditionEvaluationReportLoggingListener : 

Error starting ApplicationContext. To display the conditions report re-run your application with 'debug' enabled.
2023-07-11 19:58:25.292 ERROR 13584 --- [main] o.s.b.d.LoggingFailureAnalysisReporter   : 

***************************
APPLICATION FAILED TO START
***************************

Description:

Failed to configure a DataSource: 'url' attribute is not specified and no embedded datasource could be configured.

Reason: Failed to determine a suitable driver class


Action:

Consider the following:
	If you want an embedded database (H2, HSQL or Derby), please put it on the classpath.
	If you have database settings to be loaded from a particular profile you may need to activate it (no profiles are currently active).

2023-07-11 19:58:47.343  INFO 34512 --- [main] c.d.demotest.DevopsTestDemoApplication   : Starting DevopsTestDemoApplication using Java 1.8.0_372 on ckl with PID 34512 (D:\code\devops-demo\devops-test-demo\target\classes started by 46971 in D:\code\devops-demo\devops-test-demo)
2023-07-11 19:58:47.344  INFO 34512 --- [main] c.d.demotest.DevopsTestDemoApplication   : No active profile set, falling back to default profiles: default
2023-07-11 19:58:47.786  INFO 34512 --- [main] o.s.b.w.embedded.tomcat.TomcatWebServer  : Tomcat initialized with port(s): 8080 (http)
2023-07-11 19:58:47.792  INFO 34512 --- [main] o.apache.catalina.core.StandardService   : Starting service [Tomcat]
2023-07-11 19:58:47.793  INFO 34512 --- [main] org.apache.catalina.core.StandardEngine  : Starting Servlet engine: [Apache Tomcat/9.0.39]
2023-07-11 19:58:47.833  INFO 34512 --- [main] o.a.c.c.C.[Tomcat].[localhost].[/]       : Initializing Spring embedded WebApplicationContext
2023-07-11 19:58:47.834  INFO 34512 --- [main] w.s.c.ServletWebServerApplicationContext : Root WebApplicationContext: initialization completed in 469 ms
2023-07-11 19:58:47.922  INFO 34512 --- [main] o.s.s.concurrent.ThreadPoolTaskExecutor  : Initializing ExecutorService 'applicationTaskExecutor'
2023-07-11 19:58:47.989  WARN 34512 --- [main] ConfigServletWebServerApplicationContext : Exception encountered during context initialization - cancelling refresh attempt: org.springframework.beans.factory.BeanCreationException: Error creating bean with name 'dataSource' defined in class path resource [org/springframework/boot/autoconfigure/jdbc/DataSourceConfiguration$Hikari.class]: Bean instantiation via factory method failed; nested exception is org.springframework.beans.BeanInstantiationException: Failed to instantiate [com.zaxxer.hikari.HikariDataSource]: Factory method 'dataSource' threw exception; nested exception is org.springframework.boot.autoconfigure.jdbc.DataSourceProperties$DataSourceBeanCreationException: Failed to determine a suitable driver class
2023-07-11 19:58:47.990  INFO 34512 --- [main] o.s.s.concurrent.ThreadPoolTaskExecutor  : Shutting down ExecutorService 'applicationTaskExecutor'
2023-07-11 19:58:47.992  INFO 34512 --- [main] o.apache.catalina.core.StandardService   : Stopping service [Tomcat]
2023-07-11 19:58:47.997  INFO 34512 --- [main] ConditionEvaluationReportLoggingListener : 

Error starting ApplicationContext. To display the conditions report re-run your application with 'debug' enabled.
2023-07-11 19:58:48.007 ERROR 34512 --- [main] o.s.b.d.LoggingFailureAnalysisReporter   : 

***************************
APPLICATION FAILED TO START
***************************

Description:

Failed to configure a DataSource: 'url' attribute is not specified and no embedded datasource could be configured.

Reason: Failed to determine a suitable driver class


Action:

Consider the following:
	If you want an embedded database (H2, HSQL or Derby), please put it on the classpath.
	If you have database settings to be loaded from a particular profile you may need to activate it (no profiles are currently active).

2023-07-11 19:59:08.638  INFO 22740 --- [main] c.d.demotest.DevopsTestDemoApplication   : Starting DevopsTestDemoApplication using Java 1.8.0_372 on ckl with PID 22740 (D:\code\devops-demo\devops-test-demo\target\classes started by 46971 in D:\code\devops-demo\devops-test-demo)
2023-07-11 19:59:08.640  INFO 22740 --- [main] c.d.demotest.DevopsTestDemoApplication   : No active profile set, falling back to default profiles: default
2023-07-11 19:59:09.026  INFO 22740 --- [main] o.s.b.w.embedded.tomcat.TomcatWebServer  : Tomcat initialized with port(s): 8080 (http)
2023-07-11 19:59:09.029  INFO 22740 --- [main] o.apache.catalina.core.StandardService   : Starting service [Tomcat]
2023-07-11 19:59:09.029  INFO 22740 --- [main] org.apache.catalina.core.StandardEngine  : Starting Servlet engine: [Apache Tomcat/9.0.39]
2023-07-11 19:59:09.055  INFO 22740 --- [main] o.a.c.c.C.[Tomcat].[localhost].[/]       : Initializing Spring embedded WebApplicationContext
2023-07-11 19:59:09.055  INFO 22740 --- [main] w.s.c.ServletWebServerApplicationContext : Root WebApplicationContext: initialization completed in 396 ms
2023-07-11 19:59:09.125  INFO 22740 --- [main] o.s.s.concurrent.ThreadPoolTaskExecutor  : Initializing ExecutorService 'applicationTaskExecutor'
2023-07-11 19:59:09.185  WARN 22740 --- [main] ConfigServletWebServerApplicationContext : Exception encountered during context initialization - cancelling refresh attempt: org.springframework.beans.factory.BeanCreationException: Error creating bean with name 'dataSource' defined in class path resource [org/springframework/boot/autoconfigure/jdbc/DataSourceConfiguration$Hikari.class]: Bean instantiation via factory method failed; nested exception is org.springframework.beans.BeanInstantiationException: Failed to instantiate [com.zaxxer.hikari.HikariDataSource]: Factory method 'dataSource' threw exception; nested exception is org.springframework.boot.autoconfigure.jdbc.DataSourceProperties$DataSourceBeanCreationException: Failed to determine a suitable driver class
2023-07-11 19:59:09.185  INFO 22740 --- [main] o.s.s.concurrent.ThreadPoolTaskExecutor  : Shutting down ExecutorService 'applicationTaskExecutor'
2023-07-11 19:59:09.187  INFO 22740 --- [main] o.apache.catalina.core.StandardService   : Stopping service [Tomcat]
2023-07-11 19:59:09.192  INFO 22740 --- [main] ConditionEvaluationReportLoggingListener : 

Error starting ApplicationContext. To display the conditions report re-run your application with 'debug' enabled.
2023-07-11 19:59:09.200 ERROR 22740 --- [main] o.s.b.d.LoggingFailureAnalysisReporter   : 

***************************
APPLICATION FAILED TO START
***************************

Description:

Failed to configure a DataSource: 'url' attribute is not specified and no embedded datasource could be configured.

Reason: Failed to determine a suitable driver class


Action:

Consider the following:
	If you want an embedded database (H2, HSQL or Derby), please put it on the classpath.
	If you have database settings to be loaded from a particular profile you may need to activate it (no profiles are currently active).

2023-07-11 19:59:31.706  INFO 22832 --- [restartedMain] c.d.demotest.DevopsTestDemoApplication   : Starting DevopsTestDemoApplication using Java 1.8.0_372 on ckl with PID 22832 (D:\code\devops-demo\devops-test-demo\target\classes started by 46971 in D:\code\devops-demo\devops-test-demo)
2023-07-11 19:59:31.707  INFO 22832 --- [restartedMain] c.d.demotest.DevopsTestDemoApplication   : No active profile set, falling back to default profiles: default
2023-07-11 19:59:31.727  INFO 22832 --- [restartedMain] .e.DevToolsPropertyDefaultsPostProcessor : Devtools property defaults active! Set 'spring.devtools.add-properties' to 'false' to disable
2023-07-11 19:59:31.728  INFO 22832 --- [restartedMain] .e.DevToolsPropertyDefaultsPostProcessor : For additional web related logging consider setting the 'logging.level.web' property to 'DEBUG'
2023-07-11 19:59:32.069  INFO 22832 --- [restartedMain] o.s.b.w.embedded.tomcat.TomcatWebServer  : Tomcat initialized with port(s): 8080 (http)
2023-07-11 19:59:32.073  INFO 22832 --- [restartedMain] o.apache.catalina.core.StandardService   : Starting service [Tomcat]
2023-07-11 19:59:32.073  INFO 22832 --- [restartedMain] org.apache.catalina.core.StandardEngine  : Starting Servlet engine: [Apache Tomcat/9.0.39]
2023-07-11 19:59:32.095  INFO 22832 --- [restartedMain] o.a.c.c.C.[Tomcat].[localhost].[/]       : Initializing Spring embedded WebApplicationContext
2023-07-11 19:59:32.095  INFO 22832 --- [restartedMain] w.s.c.ServletWebServerApplicationContext : Root WebApplicationContext: initialization completed in 367 ms
2023-07-11 19:59:32.160  INFO 22832 --- [restartedMain] o.s.s.concurrent.ThreadPoolTaskExecutor  : Initializing ExecutorService 'applicationTaskExecutor'
2023-07-11 19:59:32.218  INFO 22832 --- [restartedMain] o.s.b.d.a.OptionalLiveReloadServer       : LiveReload server is running on port 35729
2023-07-11 19:59:32.233  INFO 22832 --- [restartedMain] o.s.b.w.embedded.tomcat.TomcatWebServer  : Tomcat started on port(s): 8080 (http) with context path ''
2023-07-11 19:59:32.239  INFO 22832 --- [restartedMain] c.d.demotest.DevopsTestDemoApplication   : Started DevopsTestDemoApplication in 0.697 seconds (JVM running for 1.054)
2023-07-11 19:59:44.575  INFO 22832 --- [http-nio-8080-exec-1] o.a.c.c.C.[Tomcat].[localhost].[/]       : Initializing Spring DispatcherServlet 'dispatcherServlet'
2023-07-11 19:59:44.575  INFO 22832 --- [http-nio-8080-exec-1] o.s.web.servlet.DispatcherServlet        : Initializing Servlet 'dispatcherServlet'
2023-07-11 19:59:44.577  INFO 22832 --- [http-nio-8080-exec-1] o.s.web.servlet.DispatcherServlet        : Completed initialization in 1 ms
2023-07-11 19:59:44.614  INFO 22832 --- [http-nio-8080-exec-1] c.d.demotest.controller.DemoController   : print a log Tue Jul 11 19:59:44 CST 2023
2023-07-11 20:03:27.333  INFO 22832 --- [SpringContextShutdownHook] o.s.s.concurrent.ThreadPoolTaskExecutor  : Shutting down ExecutorService 'applicationTaskExecutor'
2023-07-11 20:03:29.781  INFO 26764 --- [restartedMain] c.d.demotest.DevopsTestDemoApplication   : Starting DevopsTestDemoApplication using Java 1.8.0_372 on ckl with PID 26764 (D:\code\devops-demo\devops-test-demo\target\classes started by 46971 in D:\code\devops-demo\devops-test-demo)
2023-07-11 20:03:29.783  INFO 26764 --- [restartedMain] c.d.demotest.DevopsTestDemoApplication   : No active profile set, falling back to default profiles: default
2023-07-11 20:03:29.803  INFO 26764 --- [restartedMain] .e.DevToolsPropertyDefaultsPostProcessor : Devtools property defaults active! Set 'spring.devtools.add-properties' to 'false' to disable
2023-07-11 20:03:29.803  INFO 26764 --- [restartedMain] .e.DevToolsPropertyDefaultsPostProcessor : For additional web related logging consider setting the 'logging.level.web' property to 'DEBUG'
2023-07-11 20:03:30.157  INFO 26764 --- [restartedMain] o.s.b.w.embedded.tomcat.TomcatWebServer  : Tomcat initialized with port(s): 8080 (http)
2023-07-11 20:03:30.161  INFO 26764 --- [restartedMain] o.apache.catalina.core.StandardService   : Starting service [Tomcat]
2023-07-11 20:03:30.161  INFO 26764 --- [restartedMain] org.apache.catalina.core.StandardEngine  : Starting Servlet engine: [Apache Tomcat/9.0.39]
2023-07-11 20:03:30.183  INFO 26764 --- [restartedMain] o.a.c.c.C.[Tomcat].[localhost].[/]       : Initializing Spring embedded WebApplicationContext
2023-07-11 20:03:30.183  INFO 26764 --- [restartedMain] w.s.c.ServletWebServerApplicationContext : Root WebApplicationContext: initialization completed in 380 ms
2023-07-11 20:03:30.250  INFO 26764 --- [restartedMain] o.s.s.concurrent.ThreadPoolTaskExecutor  : Initializing ExecutorService 'applicationTaskExecutor'
2023-07-11 20:03:30.311  INFO 26764 --- [restartedMain] o.s.b.d.a.OptionalLiveReloadServer       : LiveReload server is running on port 35729
2023-07-11 20:03:30.325  INFO 26764 --- [restartedMain] o.s.b.w.embedded.tomcat.TomcatWebServer  : Tomcat started on port(s): 8080 (http) with context path ''
2023-07-11 20:03:30.330  INFO 26764 --- [restartedMain] c.d.demotest.DevopsTestDemoApplication   : Started DevopsTestDemoApplication in 0.71 seconds (JVM running for 1.068)
2023-07-11 20:03:37.578  INFO 26764 --- [http-nio-8080-exec-1] o.a.c.c.C.[Tomcat].[localhost].[/]       : Initializing Spring DispatcherServlet 'dispatcherServlet'
2023-07-11 20:03:37.578  INFO 26764 --- [http-nio-8080-exec-1] o.s.web.servlet.DispatcherServlet        : Initializing Servlet 'dispatcherServlet'
2023-07-11 20:03:37.579  INFO 26764 --- [http-nio-8080-exec-1] o.s.web.servlet.DispatcherServlet        : Completed initialization in 1 ms
2023-07-11 20:03:37.587  INFO 26764 --- [http-nio-8080-exec-1] c.d.demotest.controller.DemoController   : print a log Tue Jul 11 20:03:37 CST 2023
2023-07-11 20:03:40.153  INFO 26764 --- [http-nio-8080-exec-2] c.d.demotest.controller.DemoController   : print a log Tue Jul 11 20:03:40 CST 2023
2023-07-11 20:05:23.474  INFO 26764 --- [SpringContextShutdownHook] o.s.s.concurrent.ThreadPoolTaskExecutor  : Shutting down ExecutorService 'applicationTaskExecutor'
2023-07-11 20:05:25.818  INFO 32960 --- [restartedMain] c.d.demotest.DevopsTestDemoApplication   : Starting DevopsTestDemoApplication using Java 1.8.0_372 on ckl with PID 32960 (D:\code\devops-demo\devops-test-demo\target\classes started by 46971 in D:\code\devops-demo\devops-test-demo)
2023-07-11 20:05:25.819  INFO 32960 --- [restartedMain] c.d.demotest.DevopsTestDemoApplication   : No active profile set, falling back to default profiles: default
2023-07-11 20:05:25.839  INFO 32960 --- [restartedMain] .e.DevToolsPropertyDefaultsPostProcessor : Devtools property defaults active! Set 'spring.devtools.add-properties' to 'false' to disable
2023-07-11 20:05:25.840  INFO 32960 --- [restartedMain] .e.DevToolsPropertyDefaultsPostProcessor : For additional web related logging consider setting the 'logging.level.web' property to 'DEBUG'
2023-07-11 20:05:26.196  INFO 32960 --- [restartedMain] o.s.b.w.embedded.tomcat.TomcatWebServer  : Tomcat initialized with port(s): 8080 (http)
2023-07-11 20:05:26.199  INFO 32960 --- [restartedMain] o.apache.catalina.core.StandardService   : Starting service [Tomcat]
2023-07-11 20:05:26.200  INFO 32960 --- [restartedMain] org.apache.catalina.core.StandardEngine  : Starting Servlet engine: [Apache Tomcat/9.0.39]
2023-07-11 20:05:26.221  INFO 32960 --- [restartedMain] o.a.c.c.C.[Tomcat].[localhost].[/]       : Initializing Spring embedded WebApplicationContext
2023-07-11 20:05:26.221  INFO 32960 --- [restartedMain] w.s.c.ServletWebServerApplicationContext : Root WebApplicationContext: initialization completed in 381 ms
2023-07-11 20:05:26.286  INFO 32960 --- [restartedMain] o.s.s.concurrent.ThreadPoolTaskExecutor  : Initializing ExecutorService 'applicationTaskExecutor'
2023-07-11 20:05:26.349  INFO 32960 --- [restartedMain] o.s.b.d.a.OptionalLiveReloadServer       : LiveReload server is running on port 35729
2023-07-11 20:05:26.362  INFO 32960 --- [restartedMain] o.s.b.w.embedded.tomcat.TomcatWebServer  : Tomcat started on port(s): 8080 (http) with context path ''
2023-07-11 20:05:26.367  INFO 32960 --- [restartedMain] c.d.demotest.DevopsTestDemoApplication   : Started DevopsTestDemoApplication in 0.708 seconds (JVM running for 1.059)
2023-07-11 20:05:38.142  INFO 32960 --- [http-nio-8080-exec-1] o.a.c.c.C.[Tomcat].[localhost].[/]       : Initializing Spring DispatcherServlet 'dispatcherServlet'
2023-07-11 20:05:38.143  INFO 32960 --- [http-nio-8080-exec-1] o.s.web.servlet.DispatcherServlet        : Initializing Servlet 'dispatcherServlet'
2023-07-11 20:05:38.144  INFO 32960 --- [http-nio-8080-exec-1] o.s.web.servlet.DispatcherServlet        : Completed initialization in 1 ms
2023-07-11 20:05:38.176  INFO 32960 --- [http-nio-8080-exec-1] c.d.demotest.controller.DemoController   : print a log Tue Jul 11 20:05:38 CST 2023
2023-07-11 20:05:39.316  INFO 32960 --- [http-nio-8080-exec-2] c.d.demotest.controller.DemoController   : print a log Tue Jul 11 20:05:39 CST 2023
2023-07-11 20:05:49.145  INFO 32960 --- [Thread-6] o.s.s.concurrent.ThreadPoolTaskExecutor  : Shutting down ExecutorService 'applicationTaskExecutor'
2023-07-11 20:05:57.539  INFO 35476 --- [restartedMain] c.d.demotest.DevopsTestDemoApplication   : Starting DevopsTestDemoApplication using Java 1.8.0_372 on ckl with PID 35476 (D:\code\devops-demo\devops-test-demo\target\classes started by 46971 in D:\code\devops-demo\devops-test-demo)
2023-07-11 20:05:57.540  INFO 35476 --- [restartedMain] c.d.demotest.DevopsTestDemoApplication   : No active profile set, falling back to default profiles: default
2023-07-11 20:05:57.561  INFO 35476 --- [restartedMain] .e.DevToolsPropertyDefaultsPostProcessor : Devtools property defaults active! Set 'spring.devtools.add-properties' to 'false' to disable
2023-07-11 20:05:57.561  INFO 35476 --- [restartedMain] .e.DevToolsPropertyDefaultsPostProcessor : For additional web related logging consider setting the 'logging.level.web' property to 'DEBUG'
2023-07-11 20:05:57.910  INFO 35476 --- [restartedMain] o.s.b.w.embedded.tomcat.TomcatWebServer  : Tomcat initialized with port(s): 8080 (http)
2023-07-11 20:05:57.915  INFO 35476 --- [restartedMain] o.apache.catalina.core.StandardService   : Starting service [Tomcat]
2023-07-11 20:05:57.915  INFO 35476 --- [restartedMain] org.apache.catalina.core.StandardEngine  : Starting Servlet engine: [Apache Tomcat/9.0.39]
2023-07-11 20:05:57.939  INFO 35476 --- [restartedMain] o.a.c.c.C.[Tomcat].[localhost].[/]       : Initializing Spring embedded WebApplicationContext
2023-07-11 20:05:57.940  INFO 35476 --- [restartedMain] w.s.c.ServletWebServerApplicationContext : Root WebApplicationContext: initialization completed in 379 ms
2023-07-11 20:05:58.011  INFO 35476 --- [restartedMain] o.s.s.concurrent.ThreadPoolTaskExecutor  : Initializing ExecutorService 'applicationTaskExecutor'
2023-07-11 20:05:58.071  INFO 35476 --- [restartedMain] o.s.b.d.a.OptionalLiveReloadServer       : LiveReload server is running on port 35729
2023-07-11 20:05:58.084  INFO 35476 --- [restartedMain] o.s.b.w.embedded.tomcat.TomcatWebServer  : Tomcat started on port(s): 8080 (http) with context path ''
2023-07-11 20:05:58.089  INFO 35476 --- [restartedMain] c.d.demotest.DevopsTestDemoApplication   : Started DevopsTestDemoApplication in 0.717 seconds (JVM running for 1.129)
2023-07-11 20:06:10.756  INFO 35476 --- [http-nio-8080-exec-1] o.a.c.c.C.[Tomcat].[localhost].[/]       : Initializing Spring DispatcherServlet 'dispatcherServlet'
2023-07-11 20:06:10.756  INFO 35476 --- [http-nio-8080-exec-1] o.s.web.servlet.DispatcherServlet        : Initializing Servlet 'dispatcherServlet'
2023-07-11 20:06:10.757  INFO 35476 --- [http-nio-8080-exec-1] o.s.web.servlet.DispatcherServlet        : Completed initialization in 1 ms
2023-07-11 20:06:10.764  INFO 35476 --- [http-nio-8080-exec-1] c.d.demotest.controller.DemoController   : print a log Tue Jul 11 20:06:10 CST 2023
2023-07-11 20:06:12.267  INFO 35476 --- [http-nio-8080-exec-4] c.d.demotest.controller.DemoController   : print a log Tue Jul 11 20:06:12 CST 2023
2023-07-11 20:06:12.825  INFO 35476 --- [http-nio-8080-exec-5] c.d.demotest.controller.DemoController   : print a log Tue Jul 11 20:06:12 CST 2023
2023-07-11 20:06:13.013  INFO 35476 --- [http-nio-8080-exec-6] c.d.demotest.controller.DemoController   : print a log Tue Jul 11 20:06:13 CST 2023
2023-07-11 20:06:13.199  INFO 35476 --- [http-nio-8080-exec-7] c.d.demotest.controller.DemoController   : print a log Tue Jul 11 20:06:13 CST 2023
2023-07-11 20:06:13.421  INFO 35476 --- [http-nio-8080-exec-8] c.d.demotest.controller.DemoController   : print a log Tue Jul 11 20:06:13 CST 2023
2023-07-11 20:06:13.600  INFO 35476 --- [http-nio-8080-exec-9] c.d.demotest.controller.DemoController   : print a log Tue Jul 11 20:06:13 CST 2023
2023-07-11 20:06:13.786  INFO 35476 --- [http-nio-8080-exec-10] c.d.demotest.controller.DemoController   : print a log Tue Jul 11 20:06:13 CST 2023
2023-07-11 20:06:13.975  INFO 35476 --- [http-nio-8080-exec-1] c.d.demotest.controller.DemoController   : print a log Tue Jul 11 20:06:13 CST 2023
2023-07-11 20:06:14.161  INFO 35476 --- [http-nio-8080-exec-3] c.d.demotest.controller.DemoController   : print a log Tue Jul 11 20:06:14 CST 2023
2023-07-11 20:06:14.357  INFO 35476 --- [http-nio-8080-exec-2] c.d.demotest.controller.DemoController   : print a log Tue Jul 11 20:06:14 CST 2023
2023-07-11 20:06:14.559  INFO 35476 --- [http-nio-8080-exec-4] c.d.demotest.controller.DemoController   : print a log Tue Jul 11 20:06:14 CST 2023
2023-07-11 20:06:14.763  INFO 35476 --- [http-nio-8080-exec-5] c.d.demotest.controller.DemoController   : print a log Tue Jul 11 20:06:14 CST 2023
2023-07-11 20:06:14.973  INFO 35476 --- [http-nio-8080-exec-6] c.d.demotest.controller.DemoController   : print a log Tue Jul 11 20:06:14 CST 2023
2023-07-11 20:06:15.247  INFO 35476 --- [http-nio-8080-exec-7] c.d.demotest.controller.DemoController   : print a log Tue Jul 11 20:06:15 CST 2023
2023-07-11 20:06:15.496  INFO 35476 --- [http-nio-8080-exec-8] c.d.demotest.controller.DemoController   : print a log Tue Jul 11 20:06:15 CST 2023
2023-07-11 20:06:25.290  INFO 35476 --- [SpringContextShutdownHook] o.s.s.concurrent.ThreadPoolTaskExecutor  : Shutting down ExecutorService 'applicationTaskExecutor'
2023-07-11 20:06:29.492  INFO 34544 --- [restartedMain] c.d.demotest.DevopsTestDemoApplication   : Starting DevopsTestDemoApplication using Java 1.8.0_372 on ckl with PID 34544 (D:\code\devops-demo\devops-test-demo\target\classes started by 46971 in D:\code\devops-demo\devops-test-demo)
2023-07-11 20:06:29.494  INFO 34544 --- [restartedMain] c.d.demotest.DevopsTestDemoApplication   : No active profile set, falling back to default profiles: default
2023-07-11 20:06:29.514  INFO 34544 --- [restartedMain] .e.DevToolsPropertyDefaultsPostProcessor : Devtools property defaults active! Set 'spring.devtools.add-properties' to 'false' to disable
2023-07-11 20:06:29.514  INFO 34544 --- [restartedMain] .e.DevToolsPropertyDefaultsPostProcessor : For additional web related logging consider setting the 'logging.level.web' property to 'DEBUG'
2023-07-11 20:06:29.849  INFO 34544 --- [restartedMain] o.s.b.w.embedded.tomcat.TomcatWebServer  : Tomcat initialized with port(s): 8080 (http)
2023-07-11 20:06:29.852  INFO 34544 --- [restartedMain] o.apache.catalina.core.StandardService   : Starting service [Tomcat]
2023-07-11 20:06:29.852  INFO 34544 --- [restartedMain] org.apache.catalina.core.StandardEngine  : Starting Servlet engine: [Apache Tomcat/9.0.39]
2023-07-11 20:06:29.875  INFO 34544 --- [restartedMain] o.a.c.c.C.[Tomcat].[localhost].[/]       : Initializing Spring embedded WebApplicationContext
2023-07-11 20:06:29.876  INFO 34544 --- [restartedMain] w.s.c.ServletWebServerApplicationContext : Root WebApplicationContext: initialization completed in 362 ms
2023-07-11 20:06:29.942  INFO 34544 --- [restartedMain] o.s.s.concurrent.ThreadPoolTaskExecutor  : Initializing ExecutorService 'applicationTaskExecutor'
2023-07-11 20:06:30.001  INFO 34544 --- [restartedMain] o.s.b.d.a.OptionalLiveReloadServer       : LiveReload server is running on port 35729
2023-07-11 20:06:30.016  INFO 34544 --- [restartedMain] o.s.b.w.embedded.tomcat.TomcatWebServer  : Tomcat started on port(s): 8080 (http) with context path ''
2023-07-11 20:06:30.021  INFO 34544 --- [restartedMain] c.d.demotest.DevopsTestDemoApplication   : Started DevopsTestDemoApplication in 0.689 seconds (JVM running for 1.042)
2023-07-11 20:06:36.338  INFO 34544 --- [http-nio-8080-exec-1] o.a.c.c.C.[Tomcat].[localhost].[/]       : Initializing Spring DispatcherServlet 'dispatcherServlet'
2023-07-11 20:06:36.339  INFO 34544 --- [http-nio-8080-exec-1] o.s.web.servlet.DispatcherServlet        : Initializing Servlet 'dispatcherServlet'
2023-07-11 20:06:36.339  INFO 34544 --- [http-nio-8080-exec-1] o.s.web.servlet.DispatcherServlet        : Completed initialization in 0 ms
2023-07-11 20:06:36.346  INFO 34544 --- [http-nio-8080-exec-1] c.d.demotest.controller.DemoController   : print a log Tue Jul 11 20:06:36 CST 2023
2023-07-11 20:07:09.256  INFO 34544 --- [SpringContextShutdownHook] o.s.s.concurrent.ThreadPoolTaskExecutor  : Shutting down ExecutorService 'applicationTaskExecutor'
2023-07-11 20:07:11.649  INFO 27096 --- [restartedMain] c.d.demotest.DevopsTestDemoApplication   : Starting DevopsTestDemoApplication using Java 1.8.0_372 on ckl with PID 27096 (D:\code\devops-demo\devops-test-demo\target\classes started by 46971 in D:\code\devops-demo\devops-test-demo)
2023-07-11 20:07:11.650  INFO 27096 --- [restartedMain] c.d.demotest.DevopsTestDemoApplication   : No active profile set, falling back to default profiles: default
2023-07-11 20:07:11.670  INFO 27096 --- [restartedMain] .e.DevToolsPropertyDefaultsPostProcessor : Devtools property defaults active! Set 'spring.devtools.add-properties' to 'false' to disable
2023-07-11 20:07:11.670  INFO 27096 --- [restartedMain] .e.DevToolsPropertyDefaultsPostProcessor : For additional web related logging consider setting the 'logging.level.web' property to 'DEBUG'
2023-07-11 20:07:12.018  INFO 27096 --- [restartedMain] o.s.b.w.embedded.tomcat.TomcatWebServer  : Tomcat initialized with port(s): 8080 (http)
2023-07-11 20:07:12.021  INFO 27096 --- [restartedMain] o.apache.catalina.core.StandardService   : Starting service [Tomcat]
2023-07-11 20:07:12.022  INFO 27096 --- [restartedMain] org.apache.catalina.core.StandardEngine  : Starting Servlet engine: [Apache Tomcat/9.0.39]
2023-07-11 20:07:12.043  INFO 27096 --- [restartedMain] o.a.c.c.C.[Tomcat].[localhost].[/]       : Initializing Spring embedded WebApplicationContext
2023-07-11 20:07:12.043  INFO 27096 --- [restartedMain] w.s.c.ServletWebServerApplicationContext : Root WebApplicationContext: initialization completed in 373 ms
2023-07-11 20:07:12.114  INFO 27096 --- [restartedMain] o.s.s.concurrent.ThreadPoolTaskExecutor  : Initializing ExecutorService 'applicationTaskExecutor'
2023-07-11 20:07:12.178  INFO 27096 --- [restartedMain] o.s.b.d.a.OptionalLiveReloadServer       : LiveReload server is running on port 35729
2023-07-11 20:07:12.191  INFO 27096 --- [restartedMain] o.s.b.w.embedded.tomcat.TomcatWebServer  : Tomcat started on port(s): 8080 (http) with context path ''
2023-07-11 20:07:12.196  INFO 27096 --- [restartedMain] c.d.demotest.DevopsTestDemoApplication   : Started DevopsTestDemoApplication in 0.708 seconds (JVM running for 1.06)
2023-07-11 20:07:16.850  INFO 27096 --- [http-nio-8080-exec-2] o.a.c.c.C.[Tomcat].[localhost].[/]       : Initializing Spring DispatcherServlet 'dispatcherServlet'
2023-07-11 20:07:16.850  INFO 27096 --- [http-nio-8080-exec-2] o.s.web.servlet.DispatcherServlet        : Initializing Servlet 'dispatcherServlet'
2023-07-11 20:07:16.850  INFO 27096 --- [http-nio-8080-exec-2] o.s.web.servlet.DispatcherServlet        : Completed initialization in 0 ms
2023-07-11 20:07:16.858  INFO 27096 --- [http-nio-8080-exec-2] c.d.demotest.controller.DemoController   : print a log Tue Jul 11 20:07:16 CST 2023
2023-07-11 20:07:42.815  INFO 27096 --- [http-nio-8080-exec-5] c.d.demotest.controller.DemoController   : print a log Tue Jul 11 20:07:42 CST 2023
